<?xml version="1.0" encoding="UTF-8"?>
<testng-results ignored="0" total="1" passed="1" failed="0" skipped="0">
  <reporter-output>
  </reporter-output>
  <suite started-at="2024-09-11T23:45:51 BST" name="Default suite" finished-at="2024-09-11T23:48:23 BST" duration-ms="151789">
    <groups>
    </groups>
    <test started-at="2024-09-11T23:45:51 BST" name="Default test" finished-at="2024-09-11T23:48:23 BST" duration-ms="151789">
      <class name="runners.AmazonLGSoundbarSearchTest">
        <test-method is-config="true" signature="setUp()[pri:0, instance:runners.AmazonLGSoundbarSearchTest@222545dc]" started-at="2024-09-11T23:45:51 BST" name="setUp" finished-at="2024-09-11T23:46:10 BST" duration-ms="18776" status="PASS">
          <reporter-output>
          </reporter-output>
        </test-method> <!-- setUp -->
        <test-method signature="testProductSortingByPrice()[pri:0, instance:runners.AmazonLGSoundbarSearchTest@222545dc]" started-at="2024-09-11T23:46:10 BST" name="testProductSortingByPrice" finished-at="2024-09-11T23:48:23 BST" duration-ms="132765" status="PASS">
          <reporter-output>
          </reporter-output>
        </test-method> <!-- testProductSortingByPrice -->
        <test-method is-config="true" signature="tearDown()[pri:0, instance:runners.AmazonLGSoundbarSearchTest@222545dc]" started-at="2024-09-11T23:48:23 BST" name="tearDown" finished-at="2024-09-11T23:48:23 BST" duration-ms="180" status="PASS">
          <reporter-output>
          </reporter-output>
        </test-method> <!-- tearDown -->
      </class> <!-- runners.AmazonLGSoundbarSearchTest -->
    </test> <!-- Default test -->
  </suite> <!-- Default suite -->
</testng-results>
